0 info it worked if it ends with ok
1 verbose cli [ '/home/ubuntu/.nvm/v0.10.35/bin/node',
1 verbose cli   '/home/ubuntu/.nvm/v0.10.35/bin/npm',
1 verbose cli   'install',
1 verbose cli   '-g',
1 verbose cli   'ionic',
1 verbose cli   'nolivereload' ]
2 info using npm@1.4.28
3 info using node@v0.10.35
4 verbose cache add [ 'ionic', null ]
5 verbose cache add name=undefined spec="ionic" args=["ionic",null]
6 verbose parsed url { protocol: null,
6 verbose parsed url   slashes: null,
6 verbose parsed url   auth: null,
6 verbose parsed url   host: null,
6 verbose parsed url   port: null,
6 verbose parsed url   hostname: null,
6 verbose parsed url   hash: null,
6 verbose parsed url   search: null,
6 verbose parsed url   query: null,
6 verbose parsed url   pathname: 'ionic',
6 verbose parsed url   path: 'ionic',
6 verbose parsed url   href: 'ionic' }
7 verbose cache add [ 'nolivereload', null ]
8 verbose cache add name=undefined spec="nolivereload" args=["nolivereload",null]
9 verbose parsed url { protocol: null,
9 verbose parsed url   slashes: null,
9 verbose parsed url   auth: null,
9 verbose parsed url   host: null,
9 verbose parsed url   port: null,
9 verbose parsed url   hostname: null,
9 verbose parsed url   hash: null,
9 verbose parsed url   search: null,
9 verbose parsed url   query: null,
9 verbose parsed url   pathname: 'nolivereload',
9 verbose parsed url   path: 'nolivereload',
9 verbose parsed url   href: 'nolivereload' }
10 silly lockFile 00d10074-ionic ionic
11 verbose lock ionic /home/ubuntu/.npm/00d10074-ionic.lock
12 silly lockFile 647fed08-nolivereload nolivereload
13 verbose lock nolivereload /home/ubuntu/.npm/647fed08-nolivereload.lock
14 silly lockFile 00d10074-ionic ionic
15 silly lockFile 00d10074-ionic ionic
16 silly lockFile 647fed08-nolivereload nolivereload
17 silly lockFile 647fed08-nolivereload nolivereload
18 verbose addNamed [ 'ionic', '' ]
19 verbose addNamed [ null, '*' ]
20 silly lockFile 966fc04a-ionic ionic@
21 verbose lock ionic@ /home/ubuntu/.npm/966fc04a-ionic.lock
22 verbose addNamed [ 'nolivereload', '' ]
23 verbose addNamed [ null, '*' ]
24 silly lockFile b653d486-nolivereload nolivereload@
25 verbose lock nolivereload@ /home/ubuntu/.npm/b653d486-nolivereload.lock
26 silly addNameRange { name: 'ionic', range: '*', hasData: false }
27 silly addNameRange { name: 'nolivereload', range: '*', hasData: false }
28 verbose request where is /nolivereload
29 verbose request registry https://registry.npmjs.org/
30 verbose request id 48b06800f0a54406
31 verbose url raw /nolivereload
32 verbose url resolving [ 'https://registry.npmjs.org/', './nolivereload' ]
33 verbose url resolved https://registry.npmjs.org/nolivereload
34 verbose request where is https://registry.npmjs.org/nolivereload
35 info trying registry request attempt 1 at 13:59:48
36 http GET https://registry.npmjs.org/nolivereload
37 verbose request where is /ionic
38 verbose request registry https://registry.npmjs.org/
39 verbose url raw /ionic
40 verbose url resolving [ 'https://registry.npmjs.org/', './ionic' ]
41 verbose url resolved https://registry.npmjs.org/ionic
42 verbose request where is https://registry.npmjs.org/ionic
43 info trying registry request attempt 1 at 13:59:48
44 verbose etag "9TCOVT3O5HGME2HTSSKDHGTT6"
45 http GET https://registry.npmjs.org/ionic
46 http 304 https://registry.npmjs.org/ionic
47 silly registry.get cb [ 304,
47 silly registry.get   { date: 'Thu, 17 Dec 2015 13:59:48 GMT',
47 silly registry.get     via: '1.1 varnish',
47 silly registry.get     'cache-control': 'max-age=300',
47 silly registry.get     etag: '"9TCOVT3O5HGME2HTSSKDHGTT6"',
47 silly registry.get     age: '1',
47 silly registry.get     connection: 'keep-alive',
47 silly registry.get     'x-served-by': 'cache-lhr6321-LHR',
47 silly registry.get     'x-cache': 'HIT',
47 silly registry.get     'x-cache-hits': '1',
47 silly registry.get     'x-timer': 'S1450360788.786121,VS0,VE0',
47 silly registry.get     vary: 'Accept' } ]
48 verbose etag https://registry.npmjs.org/ionic from cache
49 silly addNameRange number 2 { name: 'ionic', range: '*', hasData: true }
50 silly addNameRange versions [ 'ionic',
50 silly addNameRange   [ '0.9.6',
50 silly addNameRange     '0.9.8',
50 silly addNameRange     '0.9.9',
50 silly addNameRange     '0.9.10',
50 silly addNameRange     '0.9.11',
50 silly addNameRange     '0.9.12',
50 silly addNameRange     '0.9.13',
50 silly addNameRange     '0.9.14',
50 silly addNameRange     '0.9.15',
50 silly addNameRange     '0.9.16',
50 silly addNameRange     '1.0.0-beta.1',
50 silly addNameRange     '1.0.0-beta',
50 silly addNameRange     '1.0.1-beta',
50 silly addNameRange     '1.0.3-beta',
50 silly addNameRange     '1.0.4',
50 silly addNameRange     '1.0.5',
50 silly addNameRange     '1.0.6',
50 silly addNameRange     '1.0.7',
50 silly addNameRange     '1.0.8',
50 silly addNameRange     '1.0.9',
50 silly addNameRange     '1.0.10',
50 silly addNameRange     '1.0.11',
50 silly addNameRange     '1.0.12',
50 silly addNameRange     '1.0.13',
50 silly addNameRange     '1.0.14',
50 silly addNameRange     '1.0.15',
50 silly addNameRange     '1.0.16',
50 silly addNameRange     '1.0.17',
50 silly addNameRange     '1.1.0-beta1',
50 silly addNameRange     '1.1.0-beta2',
50 silly addNameRange     '1.1.0-beta3',
50 silly addNameRange     '1.1.0-beta4',
50 silly addNameRange     '1.1.0-beta5',
50 silly addNameRange     '1.1.0-beta6',
50 silly addNameRange     '1.1.0',
50 silly addNameRange     '1.1.1-beta1',
50 silly addNameRange     '1.1.1-beta2',
50 silly addNameRange     '1.1.1-beta3',
50 silly addNameRange     '1.1.1',
50 silly addNameRange     '1.1.3',
50 silly addNameRange     '1.1.4',
50 silly addNameRange     '1.1.5-beta1',
50 silly addNameRange     '1.1.5-beta2',
50 silly addNameRange     '1.1.5-beta3',
50 silly addNameRange     '1.1.5-beta4',
50 silly addNameRange     '1.1.5-beta5',
50 silly addNameRange     '1.1.5',
50 silly addNameRange     '1.1.6',
50 silly addNameRange     '1.1.7-beta1',
50 silly addNameRange     '1.1.7',
50 silly addNameRange     '1.1.8-beta1',
50 silly addNameRange     '1.1.8-beta2',
50 silly addNameRange     '1.1.8-beta3',
50 silly addNameRange     '1.1.8-beta4',
50 silly addNameRange     '1.1.8-beta5',
50 silly addNameRange     '1.1.8',
50 silly addNameRange     '1.1.9-beta1',
50 silly addNameRange     '1.1.9',
50 silly addNameRange     '1.1.10',
50 silly addNameRange     '1.1.11-beta1',
50 silly addNameRange     '1.1.11-beta2',
50 silly addNameRange     '1.1.11',
50 silly addNameRange     '1.1.12-beta1',
50 silly addNameRange     '1.1.12-beta2',
50 silly addNameRange     '1.1.12-beta3',
50 silly addNameRange     '1.1.12',
50 silly addNameRange     '1.1.13',
50 silly addNameRange     '1.1.14-beta1',
50 silly addNameRange     '1.1.14-beta2',
50 silly addNameRange     '1.1.14-beta3',
50 silly addNameRange     '1.2.0-beta1',
50 silly addNameRange     '1.2.0',
50 silly addNameRange     '1.2.1-beta1',
50 silly addNameRange     '1.2.1-beta2',
50 silly addNameRange     '1.2.1-beta3',
50 silly addNameRange     '1.2.1-beta4',
50 silly addNameRange     '1.2.1',
50 silly addNameRange     '1.2.2',
50 silly addNameRange     '1.2.3-beta1',
50 silly addNameRange     '1.2.3-beta2',
50 silly addNameRange     '1.2.3-beta3',
50 silly addNameRange     '1.2.3',
50 silly addNameRange     '1.2.4-beta1',
50 silly addNameRange     '1.2.4-beta2',
50 silly addNameRange     '1.2.4-beta3',
50 silly addNameRange     '1.2.4',
50 silly addNameRange     '1.2.5-beta1',
50 silly addNameRange     '1.2.5-beta2',
50 silly addNameRange     '1.2.5-beta3',
50 silly addNameRange     '1.2.5',
50 silly addNameRange     '1.2.6-beta1',
50 silly addNameRange     '1.2.6-beta2',
50 silly addNameRange     '1.2.6-beta3',
50 silly addNameRange     '1.2.6',
50 silly addNameRange     '1.2.7',
50 silly addNameRange     '1.2.8-beta1',
50 silly addNameRange     '1.2.8-beta2',
50 silly addNameRange     '1.2.8',
50 silly addNameRange     '1.2.9',
50 silly addNameRange     '1.2.10',
50 silly addNameRange     '1.2.11',
50 silly addNameRange     '1.2.12',
50 silly addNameRange     '1.2.13',
50 silly addNameRange     '1.2.14-beta1',
50 silly addNameRange     '1.2.14-beta2',
50 silly addNameRange     '1.2.14-beta3',
50 silly addNameRange     '1.2.14-beta4',
50 silly addNameRange     '1.2.14-beta5',
50 silly addNameRange     '1.2.14-beta6',
50 silly addNameRange     '1.2.14',
50 silly addNameRange     '1.3.0-beta1',
50 silly addNameRange     '1.3.0',
50 silly addNameRange     '1.3.1',
50 silly addNameRange     '1.3.2',
50 silly addNameRange     '1.3.3',
50 silly addNameRange     '1.3.4',
50 silly addNameRange     '1.3.5',
50 silly addNameRange     '1.3.6',
50 silly addNameRange     '1.3.7',
50 silly addNameRange     '1.3.8',
50 silly addNameRange     '1.3.9',
50 silly addNameRange     '1.3.10',
50 silly addNameRange     '1.4.0-alpha.1',
50 silly addNameRange     '1.3.11',
50 silly addNameRange     '1.3.1-1.alpha.0',
50 silly addNameRange     '1.4.0-alpha.2',
50 silly addNameRange     '1.3.12',
50 silly addNameRange     '1.3.12-beta.1',
50 silly addNameRange     '1.3.12-beta.2',
50 silly addNameRange     '1.3.13-beta.0',
50 silly addNameRange     '1.3.1-3.beta.1',
50 silly addNameRange     '1.3.1-3.beta.2',
50 silly addNameRange     '1.3.13',
50 silly addNameRange     '1.3.1-3.beta.4',
50 silly addNameRange     '1.3.14-beta',
50 silly addNameRange     '1.3.14-beta.1',
50 silly addNameRange     '1.4.0-alpha.3',
50 silly addNameRange     '1.3.14',
50 silly addNameRange     '1.4.0-alpha.4',
50 silly addNameRange     '1.4.0-alpha.5',
50 silly addNameRange     '1.3.15-beta.0',
50 silly addNameRange     '1.3.15-beta.1',
50 silly addNameRange     '1.3.15-beta.2',
50 silly addNameRange     '1.3.15-beta.3',
50 silly addNameRange     '1.3.15-beta.4',
50 silly addNameRange     '1.3.15',
50 silly addNameRange     '1.3.16',
50 silly addNameRange     '1.4.0-alpha.6',
50 silly addNameRange     '1.3.17-beta.0',
50 silly addNameRange     '1.3.17-beta.1',
50 silly addNameRange     '1.3.17-beta.2',
50 silly addNameRange     '1.3.17-beta.3',
50 silly addNameRange     '1.3.1-7.beta.4',
50 silly addNameRange     '1.3.17',
50 silly addNameRange     '1.3.18-beta.0',
50 silly addNameRange     '1.3.18-beta.1',
50 silly addNameRange     '1.3.18-beta.2',
50 silly addNameRange     '1.3.18-beta.3',
50 silly addNameRange     '1.3.18',
50 silly addNameRange     '1.3.19-beta.0',
50 silly addNameRange     '1.3.19-beta.1',
50 silly addNameRange     '1.3.19-beta.2',
50 silly addNameRange     '1.3.19-beta.3',
50 silly addNameRange     '1.3.19-beta.4',
50 silly addNameRange     '1.3.19',
50 silly addNameRange     '1.3.20',
50 silly addNameRange     '1.4.1-beta.0',
50 silly addNameRange     '1.4.0-beta.1',
50 silly addNameRange     '1.4.0-beta.2',
50 silly addNameRange     '1.4.0-beta.3',
50 silly addNameRange     '1.4.0-beta.5',
50 silly addNameRange     '1.4.0-beta.6',
50 silly addNameRange     '1.4.0-beta.7',
50 silly addNameRange     '1.3.21-beta.0',
50 silly addNameRange     '1.3.21-beta.1',
50 silly addNameRange     '1.3.21',
50 silly addNameRange     '1.3.22',
50 silly addNameRange     '1.4.0-beta.8',
50 silly addNameRange     '1.4.0-beta.9',
50 silly addNameRange     '1.4.0-beta.10',
50 silly addNameRange     '1.4.0-beta.11',
50 silly addNameRange     '1.4.0-beta.12',
50 silly addNameRange     '1.4.0-beta.13',
50 silly addNameRange     '1.4.0-beta.14',
50 silly addNameRange     '1.4.0-beta.15',
50 silly addNameRange     '1.4.0-beta.16',
50 silly addNameRange     '1.4.0-beta.17',
50 silly addNameRange     '1.4.0-beta.18',
50 silly addNameRange     '1.4.0',
50 silly addNameRange     '1.4.1',
50 silly addNameRange     '1.4.2',
50 silly addNameRange     '1.4.3',
50 silly addNameRange     '1.4.4-beta.0',
50 silly addNameRange     '1.4.4-beta.2',
50 silly addNameRange     '1.4.4',
50 silly addNameRange     '1.4.5-beta.0',
50 silly addNameRange     '1.4.5-beta.1',
50 silly addNameRange     '1.4.5-beta.2',
50 silly addNameRange     '1.4.5-beta.3',
50 silly addNameRange     '1.4.5',
50 silly addNameRange     '1.4.6-beta.0',
50 silly addNameRange     '1.4.6',
50 silly addNameRange     '1.4.7',
50 silly addNameRange     '1.4.8',
50 silly addNameRange     '1.5.0-beta.0',
50 silly addNameRange     '1.5.0-beta.1',
50 silly addNameRange     '1.5.0',
50 silly addNameRange     '1.5.1-beta.0',
50 silly addNameRange     '1.5.1-beta.1',
50 silly addNameRange     '1.5.1-beta.2',
50 silly addNameRange     '1.5.1-beta.3',
50 silly addNameRange     '1.5.1-beta.4',
50 silly addNameRange     '1.5.1',
50 silly addNameRange     '1.5.2',
50 silly addNameRange     '1.5.3',
50 silly addNameRange     '1.5.4',
50 silly addNameRange     '1.5.5',
50 silly addNameRange     '1.6.0-beta.1',
50 silly addNameRange     '1.6.0',
50 silly addNameRange     '1.6.1',
50 silly addNameRange     '1.6.2-beta.0',
50 silly addNameRange     '1.6.2-beta.1',
50 silly addNameRange     '1.6.2-beta.2',
50 silly addNameRange     '1.6.2',
50 silly addNameRange     '1.6.3-beta.0',
50 silly addNameRange     '1.6.3-beta.1',
50 silly addNameRange     '1.6.3',
50 silly addNameRange     '1.6.4-beta.0',
50 silly addNameRange     '1.6.4-beta.1',
50 silly addNameRange     '1.6.4',
50 silly addNameRange     '1.7.0-beta.0',
50 silly addNameRange     '1.7.0-beta.1',
50 silly addNameRange     '1.7.0-beta.2',
50 silly addNameRange     '1.7.0-beta.3',
50 silly addNameRange     '2.0.0-alpha.1',
50 silly addNameRange     '2.0.0-alpha.3',
50 silly addNameRange     '1.7.0-beta.4',
50 silly addNameRange     '1.6.5-testing.0',
50 silly addNameRange     '1.6.5-testing.1',
50 silly addNameRange     '1.6.5-testing.2',
50 silly addNameRange     '1.6.5-testing.3',
50 silly addNameRange     '1.6.5',
50 silly addNameRange     '2.0.0-alpha.4',
50 silly addNameRange     '1.7.0-beta.5',
50 silly addNameRange     '1.7.0-beta.6',
50 silly addNameRange     '1.7.0',
50 silly addNameRange     '2.0.0-alpha.5',
50 silly addNameRange     '2.0.0-alpha.6',
50 silly addNameRange     '1.7.1',
50 silly addNameRange     '2.0.0-alpha.7',
50 silly addNameRange     '2.0.0-alpha.8',
50 silly addNameRange     '1.7.2',
50 silly addNameRange     '1.7.3',
50 silly addNameRange     '1.7.4',
50 silly addNameRange     '1.7.5',
50 silly addNameRange     '1.7.6',
50 silly addNameRange     '1.7.7-beta.0',
50 silly addNameRange     '2.0.0-alpha.9',
50 silly addNameRange     '1.7.7',
50 silly addNameRange     '2.0.0-alpha.10',
50 silly addNameRange     '2.0.0-alpha.11',
50 silly addNameRange     '2.0.0-alpha.12',
50 silly addNameRange     '2.0.0-alpha.13',
50 silly addNameRange     '2.0.0-alpha.14',
50 silly addNameRange     '2.0.0-alpha.15',
50 silly addNameRange     '2.0.0-alpha.16',
50 silly addNameRange     '2.0.0-alpha.17',
50 silly addNameRange     '2.0.0-alpha.18',
50 silly addNameRange     '1.7.8-beta.0',
50 silly addNameRange     '1.7.8-beta.1',
50 silly addNameRange     '1.7.8-beta.2',
50 silly addNameRange     '1.7.8-beta.3',
50 silly addNameRange     '1.7.8',
50 silly addNameRange     '2.0.0-alpha.19',
50 silly addNameRange     '2.0.0-alpha.20',
50 silly addNameRange     '2.0.0-alpha.21',
50 silly addNameRange     '2.0.0-alpha.22',
50 silly addNameRange     '2.0.0-alpha.23',
50 silly addNameRange     '1.7.9',
50 silly addNameRange     '1.7.10',
50 silly addNameRange     '2.0.0-alpha.24',
50 silly addNameRange     '2.0.0-alpha.25',
50 silly addNameRange     '2.0.0-beta.1',
50 silly addNameRange     '1.7.11',
50 silly addNameRange     '2.0.0-beta.2',
50 silly addNameRange     '2.0.0-beta.3',
50 silly addNameRange     '2.0.0-beta.4',
50 silly addNameRange     '2.0.0-beta.5',
50 silly addNameRange     '2.0.0-beta.6',
50 silly addNameRange     '2.0.0-beta.7',
50 silly addNameRange     '2.0.0-beta.8',
50 silly addNameRange     '2.0.0-beta.9',
50 silly addNameRange     '2.0.0-beta.10',
50 silly addNameRange     '2.0.0-beta.11',
50 silly addNameRange     '1.7.12',
50 silly addNameRange     '2.0.0-beta.12' ] ]
51 verbose addNamed [ 'ionic', '1.7.12' ]
52 verbose addNamed [ '1.7.12', '1.7.12' ]
53 silly lockFile 5cb1d569-ionic-1-7-12 ionic@1.7.12
54 verbose lock ionic@1.7.12 /home/ubuntu/.npm/5cb1d569-ionic-1-7-12.lock
55 silly lockFile 5cb1d569-ionic-1-7-12 ionic@1.7.12
56 silly lockFile 5cb1d569-ionic-1-7-12 ionic@1.7.12
57 silly lockFile 966fc04a-ionic ionic@
58 silly lockFile 966fc04a-ionic ionic@
59 http 404 https://registry.npmjs.org/nolivereload
60 silly registry.get cb [ 404,
60 silly registry.get   { 'content-type': 'application/json',
60 silly registry.get     'cache-control': 'max-age=0',
60 silly registry.get     'content-length': '2',
60 silly registry.get     'accept-ranges': 'bytes',
60 silly registry.get     date: 'Thu, 17 Dec 2015 13:59:48 GMT',
60 silly registry.get     via: '1.1 varnish',
60 silly registry.get     age: '0',
60 silly registry.get     connection: 'keep-alive',
60 silly registry.get     'x-served-by': 'cache-lhr6332-LHR',
60 silly registry.get     'x-cache': 'MISS',
60 silly registry.get     'x-cache-hits': '0',
60 silly registry.get     'x-timer': 'S1450360788.781164,VS0,VE171' } ]
61 silly lockFile b653d486-nolivereload nolivereload@
62 silly lockFile b653d486-nolivereload nolivereload@
63 error 404 Not Found
63 error 404
63 error 404 'nolivereload' is not in the npm registry.
63 error 404 You should bug the author to publish it
63 error 404
63 error 404 Note that you can also install from a
63 error 404 tarball, folder, or http url, or git url.
64 error System Linux 4.2.0-c9
65 error command "/home/ubuntu/.nvm/v0.10.35/bin/node" "/home/ubuntu/.nvm/v0.10.35/bin/npm" "install" "-g" "ionic" "nolivereload"
66 error cwd /home/ubuntu/workspace/stockwatch
67 error node -v v0.10.35
68 error npm -v 1.4.28
69 error code E404
70 verbose exit [ 1, true ]
